
================================================================================
                              GDP ANALYSIS REPORT                               
================================================================================

Region: Asia
Analysis Year: 2020
Total Countries: 57


--------------------------------------------------------------------------------
1. TOP 10 COUNTRIES BY GDP
--------------------------------------------------------------------------------
  1. East Asia & Pacific (excluding high income): $17,805,166,443,182.20
  2. East Asia & Pacific (IDA & IBRD countries): $17,783,207,218,899.10
  3. China: $14,996,414,166,715.10
  4. Japan: $5,054,068,005,376.28
  5. Middle East, North Africa, Afghanistan & Pakistan: $3,587,451,756,047.23
  6. South Asia: $3,172,770,463,749.49
  7. South Asia (IDA & IBRD): $3,172,770,463,749.49
  8. India: $2,674,851,578,587.27
  9. Arab World: $2,604,104,981,819.80
  10. Korea, Rep.: $1,744,070,276,373.34

--------------------------------------------------------------------------------
2. BOTTOM 10 COUNTRIES BY GDP
--------------------------------------------------------------------------------
  1. Timor-Leste: $2,162,619,240.87
  2. Bhutan: $2,457,604,333.91
  3. Maldives: $3,712,604,583.37
  4. Tajikistan: $8,133,963,550.66
  5. Kyrgyz Republic: $8,270,468,614.24
  6. Brunei Darussalam: $12,005,799,653.98
  7. Syrian Arab Republic: $12,047,752,036.09
  8. Armenia: $12,641,698,583.22
  9. Mongolia: $13,312,981,429.09
  10. West Bank and Gaza: $15,531,700,000.00

--------------------------------------------------------------------------------
3. GDP GROWTH RATES (Top 10)
--------------------------------------------------------------------------------
  1. Bangladesh: +290.47%
  2. Kyrgyz Republic: +264.56%
  3. Cambodia: +235.68%
  4. Mongolia: +230.96%
  5. Viet Nam: +223.63%
  6. China: +202.68%
  7. Armenia: +180.29%
  8. East Asia & Pacific (excluding high income): +177.96%
  9. East Asia & Pacific (IDA & IBRD countries): +177.96%
  10. Georgia: +175.12%

--------------------------------------------------------------------------------
4. AVERAGE GDP BY CONTINENT
--------------------------------------------------------------------------------
  Global: $18,499,908,520,594.04 (21 countries)
  Europe: $2,404,175,983,947.28 (55 countries)
  Asia: $1,523,398,324,074.54 (55 countries)
  North America: $1,390,066,534,737.66 (34 countries)
  Oceania: $1,390,011,057,608.56 (21 countries)
  South America: $1,058,173,443,517.31 (15 countries)
  Africa: $178,367,757,060.29 (57 countries)

--------------------------------------------------------------------------------
5. GLOBAL GDP TREND (First 5 & Last 5 Years)
--------------------------------------------------------------------------------
  2010: $535,100,253,070,995.81
  2011: $601,103,365,173,005.00
  2012: $616,646,096,190,778.12
  2013: $638,325,143,482,183.88
  2014: $656,613,430,064,960.50
  ...
  2020: $707,006,724,069,731.25
  2021: $812,486,885,439,666.38
  2022: $846,969,506,916,004.38
  2023: $882,728,304,482,979.75
  2024: $916,869,401,277,970.00

--------------------------------------------------------------------------------
6. FASTEST GROWING CONTINENT
--------------------------------------------------------------------------------
  Asia: +117.14%

--------------------------------------------------------------------------------
7. COUNTRIES WITH CONSISTENT GDP DECLINE
--------------------------------------------------------------------------------
  • Japan (last 3 years)
  • Lebanon (last 3 years)
  • Timor-Leste (last 3 years)

--------------------------------------------------------------------------------
8. CONTRIBUTION TO GLOBAL GDP BY CONTINENT
--------------------------------------------------------------------------------
  Global: $388,498,078,932,474.75 (54.9%)
  Europe: $132,229,679,117,100.19 (18.7%)
  Asia: $83,786,907,824,099.67 (11.9%)
  North America: $47,262,262,181,080.27 (6.7%)
  Oceania: $29,190,232,209,779.75 (4.1%)
  South America: $15,872,601,652,759.67 (2.2%)
  Africa: $10,166,962,152,436.56 (1.4%)

================================================================================


================================================================================
                           DISPLAYING VISUALIZATIONS                            
================================================================================

  📊 TOP 10 COUNTRIES BY GDP
(Asia - 2020)
  📊 BOTTOM 10 COUNTRIES BY GDP
(Asia - 2020)
  📊 TOP 10 GDP GROWTH RATES
(Asia)
  📊 AVERAGE GDP BY CONTINENT
(2020)
  📊 GLOBAL GDP TREND
  📊 FASTEST GROWING CONTINENT
  📊 COUNTRIES WITH CONSISTENT GDP DECLINE
(Asia)
  📊 CONTRIBUTION TO GLOBAL GDP
(2020)

================================================================================
                         All visualizations displayed!                          
================================================================================

